C:\USERS\EYE-RIS\DESKTOP\BVHPROJ\BVHPROJ\DEBUG\BVH.OBJ
C:\USERS\EYE-RIS\DESKTOP\BVHPROJ\BVHPROJ\DEBUG\BVHPLAYER.OBJ
C:\USERS\EYE-RIS\DESKTOP\BVHPROJ\BVHPROJ\DEBUG\BVHPROJ.EXE.EMBED.MANIFEST
C:\USERS\EYE-RIS\DESKTOP\BVHPROJ\BVHPROJ\DEBUG\BVHPROJ.EXE.EMBED.MANIFEST.RES
C:\USERS\EYE-RIS\DESKTOP\BVHPROJ\BVHPROJ\DEBUG\BVHPROJ.EXE.INTERMEDIATE.MANIFEST
C:\Users\Eye-Ris\Desktop\BVHPROj\BVHPROj\Debug\BVHPROj.write.1.tlog
C:\Users\Eye-Ris\Desktop\BVHPROj\BVHPROj\Debug\BVHPROj_manifest.rc
C:\Users\Eye-Ris\Desktop\BVHPROj\BVHPROj\Debug\cl.command.1.tlog
C:\Users\Eye-Ris\Desktop\BVHPROj\BVHPROj\Debug\CL.read.1.tlog
C:\Users\Eye-Ris\Desktop\BVHPROj\BVHPROj\Debug\CL.write.1.tlog
C:\Users\Eye-Ris\Desktop\BVHPROj\BVHPROj\Debug\link.8.read.1.tlog
C:\Users\Eye-Ris\Desktop\BVHPROj\BVHPROj\Debug\link.8.write.1.tlog
C:\Users\Eye-Ris\Desktop\BVHPROj\BVHPROj\Debug\link.8-cvtres.read.1.tlog
C:\Users\Eye-Ris\Desktop\BVHPROj\BVHPROj\Debug\link.8-cvtres.write.1.tlog
C:\Users\Eye-Ris\Desktop\BVHPROj\BVHPROj\Debug\link.command.1.tlog
C:\Users\Eye-Ris\Desktop\BVHPROj\BVHPROj\Debug\link.read.1.tlog
C:\Users\Eye-Ris\Desktop\BVHPROj\BVHPROj\Debug\link.write.1.tlog
C:\Users\Eye-Ris\Desktop\BVHPROj\BVHPROj\Debug\link-cvtres.read.1.tlog
C:\Users\Eye-Ris\Desktop\BVHPROj\BVHPROj\Debug\link-cvtres.write.1.tlog
C:\Users\Eye-Ris\Desktop\BVHPROj\BVHPROj\Debug\mt.command.1.tlog
C:\Users\Eye-Ris\Desktop\BVHPROj\BVHPROj\Debug\mt.read.1.tlog
C:\Users\Eye-Ris\Desktop\BVHPROj\BVHPROj\Debug\mt.write.1.tlog
C:\Users\Eye-Ris\Desktop\BVHPROj\BVHPROj\Debug\rc.command.1.tlog
C:\Users\Eye-Ris\Desktop\BVHPROj\BVHPROj\Debug\rc.read.1.tlog
C:\Users\Eye-Ris\Desktop\BVHPROj\BVHPROj\Debug\rc.write.1.tlog
C:\Users\Eye-Ris\Desktop\BVHPROj\BVHPROj\Debug\vc100.idb
C:\USERS\EYE-RIS\DESKTOP\BVHPROJ\BVHPROJ\DEBUG\VC100.PDB
C:\USERS\EYE-RIS\DESKTOP\BVHPROJ\DEBUG\BVHPROJ.EXE
C:\USERS\EYE-RIS\DESKTOP\BVHPROJ\DEBUG\BVHPROJ.ILK
C:\USERS\EYE-RIS\DESKTOP\BVHPROJ\DEBUG\BVHPROJ.PDB
